<?xml version="1.0" encoding="UTF-8"?>
<!-- Generated by org.testng.reporters.JUnitReportReporter -->
<testsuite skipped="1" hostname="DESKTOP-VRC1QPS" name="scripts.TestScripts" tests="2" failures="0" timestamp="30 Jun 2019 00:52:03 GMT" time="15.971" errors="0">
  <testcase name="testSortProductPopularity" time="15.971" classname="scripts.TestScripts"/>
  <testcase name="testSortProductPriceLtoH" classname="scripts.TestScripts">
    <skipped/>
  </testcase> <!-- testSortProductPriceLtoH -->
</testsuite> <!-- scripts.TestScripts -->
